GET / at time 16:41:23 GMT+0530 (India Standard Time)
GET /favicon.ico at time 16:41:23 GMT+0530 (India Standard Time)
GET / at time 17:16:46 GMT+0530 (India Standard Time)
GET /pages/products at time 09:55:15 GMT+0530 (India Standard Time)
GET /favicon.ico at time 09:55:15 GMT+0530 (India Standard Time)
GET /page/products at time 09:55:41 GMT+0530 (India Standard Time)
GET /bootstrap-5.1.3-dist/css/bootstrap.min.css at time 09:55:41 GMT+0530 (India Standard Time)
GET /page/bootstrap-5.1.3-dist/js/bootstrap.min.js at time 09:55:41 GMT+0530 (India Standard Time)
GET /page/products at time 10:43:26 GMT+0530 (India Standard Time)
GET /bootstrap-5.1.3-dist/css/bootstrap.min.css at time 10:43:27 GMT+0530 (India Standard Time)
GET /page/bootstrap-5.1.3-dist/js/bootstrap.min.js at time 10:43:27 GMT+0530 (India Standard Time)
GET /page/products at time 10:43:31 GMT+0530 (India Standard Time)
GET /bootstrap-5.1.3-dist/css/bootstrap.min.css at time 10:43:31 GMT+0530 (India Standard Time)
GET /page/bootstrap-5.1.3-dist/js/bootstrap.min.js at time 10:43:31 GMT+0530 (India Standard Time)
GET /page/products at time 11:03:11 GMT+0530 (India Standard Time)
GET /bootstrap-5.1.3-dist/css/bootstrap.min.css at time 11:03:11 GMT+0530 (India Standard Time)
GET /page/bootstrap-5.1.3-dist/js/bootstrap.min.js at time 11:03:11 GMT+0530 (India Standard Time)
GET /page/products at time 11:12:01 GMT+0530 (India Standard Time)
GET /bootstrap-5.1.3-dist/css/bootstrap.min.css at time 11:12:01 GMT+0530 (India Standard Time)
GET /page/bootstrap-5.1.3-dist/js/bootstrap.min.js at time 11:12:01 GMT+0530 (India Standard Time)
GET /page/products at time 11:37:04 GMT+0530 (India Standard Time)
GET /bootstrap-5.1.3-dist/css/bootstrap.min.css at time 11:37:04 GMT+0530 (India Standard Time)
GET /page/bootstrap-5.1.3-dist/js/bootstrap.min.js at time 11:37:04 GMT+0530 (India Standard Time)
GET /page/products at time 11:37:07 GMT+0530 (India Standard Time)
GET /bootstrap-5.1.3-dist/css/bootstrap.min.css at time 11:37:08 GMT+0530 (India Standard Time)
GET /page/bootstrap-5.1.3-dist/js/bootstrap.min.js at time 11:37:08 GMT+0530 (India Standard Time)
GET /page/products at time 11:37:10 GMT+0530 (India Standard Time)
GET /bootstrap-5.1.3-dist/css/bootstrap.min.css at time 11:37:10 GMT+0530 (India Standard Time)
GET /page/bootstrap-5.1.3-dist/js/bootstrap.min.js at time 11:37:10 GMT+0530 (India Standard Time)
GET /page/products at time 11:39:06 GMT+0530 (India Standard Time)
GET /bootstrap-5.1.3-dist/css/bootstrap.min.css at time 11:39:06 GMT+0530 (India Standard Time)
GET /page/bootstrap-5.1.3-dist/js/bootstrap.min.js at time 11:39:06 GMT+0530 (India Standard Time)
GET /page/products at time 12:14:39 GMT+0530 (India Standard Time)
GET /bootstrap-5.1.3-dist/css/bootstrap.min.css at time 12:14:39 GMT+0530 (India Standard Time)
GET /page/bootstrap-5.1.3-dist/js/bootstrap.min.js at time 12:14:39 GMT+0530 (India Standard Time)
GET /page/products at time 12:14:43 GMT+0530 (India Standard Time)
GET /bootstrap-5.1.3-dist/css/bootstrap.min.css at time 12:14:43 GMT+0530 (India Standard Time)
GET /page/bootstrap-5.1.3-dist/js/bootstrap.min.js at time 12:14:43 GMT+0530 (India Standard Time)
GET / at time 12:14:45 GMT+0530 (India Standard Time)
GET /bootstrap-5.1.3-dist/js/bootstrap.min.js at time 12:14:45 GMT+0530 (India Standard Time)
GET /bootstrap-5.1.3-dist/css/bootstrap.min.css at time 12:14:45 GMT+0530 (India Standard Time)
GET / at time 12:14:47 GMT+0530 (India Standard Time)
GET /bootstrap-5.1.3-dist/css/bootstrap.min.css at time 12:14:47 GMT+0530 (India Standard Time)
GET /bootstrap-5.1.3-dist/js/bootstrap.min.js at time 12:14:47 GMT+0530 (India Standard Time)
GET / at time 12:14:51 GMT+0530 (India Standard Time)
GET /bootstrap-5.1.3-dist/css/bootstrap.min.css at time 12:14:51 GMT+0530 (India Standard Time)
GET /bootstrap-5.1.3-dist/js/bootstrap.min.js at time 12:14:51 GMT+0530 (India Standard Time)
GET /products at time 12:17:43 GMT+0530 (India Standard Time)
GET /products at time 12:50:04 GMT+0530 (India Standard Time)
GET /products at time 14:32:20 GMT+0530 (India Standard Time)
GET /products at time 14:38:22 GMT+0530 (India Standard Time)
GET /users at time 14:38:27 GMT+0530 (India Standard Time)
GET /pages/products at time 14:38:41 GMT+0530 (India Standard Time)
GET /pages/products at time 14:55:16 GMT+0530 (India Standard Time)
GET /products at time 14:55:23 GMT+0530 (India Standard Time)
GET /users at time 15:36:11 GMT+0530 (India Standard Time)
GET /auth/login at time 15:41:13 GMT+0530 (India Standard Time)
POST /auth/login at time 15:41:27 GMT+0530 (India Standard Time)
POST /auth/login at time 16:01:51 GMT+0530 (India Standard Time)
POST /auth/login at time 16:45:47 GMT+0530 (India Standard Time)
POST /auth/login at time 17:01:50 GMT+0530 (India Standard Time)
GET /users at time 17:02:07 GMT+0530 (India Standard Time)
POST / at time 17:43:02 GMT+0530 (India Standard Time)
POST /users at time 17:43:11 GMT+0530 (India Standard Time)
